c:\users\bálint\source\repos\dragracing\dragracing\debug\dragracing.pch
c:\users\bálint\source\repos\dragracing\dragracing\debug\vc141.pdb
c:\users\bálint\source\repos\dragracing\dragracing\debug\vc141.idb
c:\users\bálint\source\repos\dragracing\dragracing\debug\stdafx.obj
c:\users\bálint\source\repos\dragracing\dragracing\debug\vehicle.obj
c:\users\bálint\source\repos\dragracing\dragracing\debug\user.obj
c:\users\bálint\source\repos\dragracing\dragracing\debug\motorbike.obj
c:\users\bálint\source\repos\dragracing\dragracing\debug\garage.obj
c:\users\bálint\source\repos\dragracing\dragracing\debug\dragracing.obj
c:\users\bálint\source\repos\dragracing\dragracing\debug\car.obj
c:\users\bálint\source\repos\dragracing\dragracing\debug\boat.obj
c:\users\bálint\source\repos\dragracing\debug\dragracing.ilk
c:\users\bálint\source\repos\dragracing\debug\dragracing.exe
c:\users\bálint\source\repos\dragracing\debug\dragracing.pdb
c:\users\bálint\source\repos\dragracing\dragracing\debug\dragracing.tlog\cl.command.1.tlog
c:\users\bálint\source\repos\dragracing\dragracing\debug\dragracing.tlog\cl.read.1.tlog
c:\users\bálint\source\repos\dragracing\dragracing\debug\dragracing.tlog\cl.write.1.tlog
c:\users\bálint\source\repos\dragracing\dragracing\debug\dragracing.tlog\link.command.1.tlog
c:\users\bálint\source\repos\dragracing\dragracing\debug\dragracing.tlog\link.read.1.tlog
c:\users\bálint\source\repos\dragracing\dragracing\debug\dragracing.tlog\link.write.1.tlog
